# JRE version: OpenJDK Runtime Environment (11.0.12+7) (build 11.0.12+7-b1504.28-7817840)
# Java VM: OpenJDK 64-Bit Server VM (11.0.12+7-b1504.28-7817840, mixed mode, tiered, compressed oops, g1 gc, windows-amd64)
Heap:
 garbage-first heap   total 967680K, used 230985K [0x0000000080000000, 0x0000000100000000)
  region size 1024K, 8 young (8192K), 8 survivors (8192K)
 Metaspace       used 132451K, capacity 136749K, committed 138540K, reserved 1169408K
  class space    used 16496K, capacity 18153K, committed 19328K, reserved 1048576K
GC Heap History (20 events):
Event: 1135.781 GC heap after
{Heap after GC invocations=72 (full 0):
 garbage-first heap   total 251904K, used 182476K [0x0000000080000000, 0x0000000100000000)
  region size 1024K, 5 young (5120K), 5 survivors (5120K)
 Metaspace       used 131664K, capacity 135870K, committed 138028K, reserved 1167360K
  class space    used 16396K, capacity 18008K, committed 19328K, reserved 1048576K
}
Event: 1135.799 GC heap before
{Heap before GC invocations=72 (full 0):
 garbage-first heap   total 251904K, used 207052K [0x0000000080000000, 0x0000000100000000)
  region size 1024K, 30 young (30720K), 5 survivors (5120K)
 Metaspace       used 131715K, capacity 135904K, committed 138028K, reserved 1167360K
  class space    used 16405K, capacity 18025K, committed 19328K, reserved 1048576K
}
Event: 1135.804 GC heap after
{Heap after GC invocations=73 (full 0):
 garbage-first heap   total 251904K, used 187562K [0x0000000080000000, 0x0000000100000000)
  region size 1024K, 4 young (4096K), 4 survivors (4096K)
 Metaspace       used 131715K, capacity 135904K, committed 138028K, reserved 1167360K
  class space    used 16405K, capacity 18025K, committed 19328K, reserved 1048576K
}
Event: 1135.824 GC heap before
{Heap before GC invocations=73 (full 0):
 garbage-first heap   total 251904K, used 211114K [0x0000000080000000, 0x0000000100000000)
  region size 1024K, 27 young (27648K), 4 survivors (4096K)
 Metaspace       used 131814K, capacity 135987K, committed 138028K, reserved 1167360K
  class space    used 16413K, capacity 18032K, committed 19328K, reserved 1048576K
}
Event: 1135.828 GC heap after
{Heap after GC invocations=74 (full 0):
 garbage-first heap   total 251904K, used 191436K [0x0000000080000000, 0x0000000100000000)
  region size 1024K, 4 young (4096K), 4 survivors (4096K)
 Metaspace       used 131814K, capacity 135987K, committed 138028K, reserved 1167360K
  class space    used 16413K, capacity 18032K, committed 19328K, reserved 1048576K
}
Event: 1135.863 GC heap before
{Heap before GC invocations=74 (full 0):
 garbage-first heap   total 251904K, used 212940K [0x0000000080000000, 0x0000000100000000)
  region size 1024K, 25 young (25600K), 4 survivors (4096K)
 Metaspace       used 131862K, capacity 136059K, committed 138284K, reserved 1169408K
  class space    used 16417K, capacity 18034K, committed 19328K, reserved 1048576K
}
Event: 1135.868 GC heap after
{Heap after GC invocations=75 (full 0):
 garbage-first heap   total 251904K, used 195430K [0x0000000080000000, 0x0000000100000000)
  region size 1024K, 4 young (4096K), 4 survivors (4096K)
 Metaspace       used 131862K, capacity 136059K, committed 138284K, reserved 1169408K
  class space    used 16417K, capacity 18034K, committed 19328K, reserved 1048576K
}
Event: 1135.888 GC heap before
{Heap before GC invocations=75 (full 0):
 garbage-first heap   total 251904K, used 214886K [0x0000000080000000, 0x0000000100000000)
  region size 1024K, 23 young (23552K), 4 survivors (4096K)
 Metaspace       used 131918K, capacity 136145K, committed 138284K, reserved 1169408K
  class space    used 16423K, capacity 18041K, committed 19328K, reserved 1048576K
}
Event: 1135.893 GC heap after
{Heap after GC invocations=76 (full 0):
 garbage-first heap   total 251904K, used 198445K [0x0000000080000000, 0x0000000100000000)
  region size 1024K, 3 young (3072K), 3 survivors (3072K)
 Metaspace       used 131918K, capacity 136145K, committed 138284K, reserved 1169408K
  class space    used 16423K, capacity 18041K, committed 19328K, reserved 1048576K
}
Event: 1135.911 GC heap before
{Heap before GC invocations=76 (full 0):
 garbage-first heap   total 251904K, used 216877K [0x0000000080000000, 0x0000000100000000)
  region size 1024K, 21 young (21504K), 3 survivors (3072K)
 Metaspace       used 131955K, capacity 136147K, committed 138284K, reserved 1169408K
  class space    used 16424K, capacity 18042K, committed 19328K, reserved 1048576K
}
Event: 1135.917 GC heap after
{Heap after GC invocations=77 (full 0):
 garbage-first heap   total 251904K, used 201258K [0x0000000080000000, 0x0000000100000000)
  region size 1024K, 3 young (3072K), 3 survivors (3072K)
 Metaspace       used 131955K, capacity 136147K, committed 138284K, reserved 1169408K
  class space    used 16424K, capacity 18042K, committed 19328K, reserved 1048576K
}
Event: 1135.930 GC heap before
{Heap before GC invocations=78 (full 0):
 garbage-first heap   total 251904K, used 217642K [0x0000000080000000, 0x0000000100000000)
  region size 1024K, 19 young (19456K), 3 survivors (3072K)
 Metaspace       used 131982K, capacity 136224K, committed 138284K, reserved 1169408K
  class space    used 16428K, capacity 18046K, committed 19328K, reserved 1048576K
}
Event: 1135.937 GC heap after
{Heap after GC invocations=79 (full 0):
 garbage-first heap   total 365568K, used 203359K [0x0000000080000000, 0x0000000100000000)
  region size 1024K, 3 young (3072K), 3 survivors (3072K)
 Metaspace       used 131982K, capacity 136224K, committed 138284K, reserved 1169408K
  class space    used 16428K, capacity 18046K, committed 19328K, reserved 1048576K
}
Event: 1135.950 GC heap before
{Heap before GC invocations=79 (full 0):
 garbage-first heap   total 365568K, used 216671K [0x0000000080000000, 0x0000000100000000)
  region size 1024K, 17 young (17408K), 3 survivors (3072K)
 Metaspace       used 132048K, capacity 136224K, committed 138284K, reserved 1169408K
  class space    used 16433K, capacity 18046K, committed 19328K, reserved 1048576K
}
Event: 1135.954 GC heap after
{Heap after GC invocations=80 (full 0):
 garbage-first heap   total 365568K, used 205162K [0x0000000080000000, 0x0000000100000000)
  region size 1024K, 3 young (3072K), 3 survivors (3072K)
 Metaspace       used 132048K, capacity 136224K, committed 138284K, reserved 1169408K
  class space    used 16433K, capacity 18046K, committed 19328K, reserved 1048576K
}
Event: 1136.016 GC heap before
{Heap before GC invocations=80 (full 0):
 garbage-first heap   total 365568K, used 277866K [0x0000000080000000, 0x0000000100000000)
  region size 1024K, 75 young (76800K), 3 survivors (3072K)
 Metaspace       used 132311K, capacity 136568K, committed 138540K, reserved 1169408K
  class space    used 16480K, capacity 18119K, committed 19328K, reserved 1048576K
}
Event: 1136.027 GC heap after
{Heap after GC invocations=81 (full 0):
 garbage-first heap   total 365568K, used 214283K [0x0000000080000000, 0x0000000100000000)
  region size 1024K, 10 young (10240K), 10 survivors (10240K)
 Metaspace       used 132311K, capacity 136568K, committed 138540K, reserved 1169408K
  class space    used 16480K, capacity 18119K, committed 19328K, reserved 1048576K
}
Event: 1136.105 GC heap before
{Heap before GC invocations=81 (full 0):
 garbage-first heap   total 365568K, used 285963K [0x0000000080000000, 0x0000000100000000)
  region size 1024K, 81 young (82944K), 10 survivors (10240K)
 Metaspace       used 132364K, capacity 136600K, committed 138540K, reserved 1169408K
  class space    used 16491K, capacity 18130K, committed 19328K, reserved 1048576K
}
Event: 1136.115 GC heap after
{Heap after GC invocations=82 (full 0):
 garbage-first heap   total 365568K, used 224200K [0x0000000080000000, 0x0000000100000000)
  region size 1024K, 11 young (11264K), 11 survivors (11264K)
 Metaspace       used 132364K, capacity 136600K, committed 138540K, reserved 1169408K
  class space    used 16491K, capacity 18130K, committed 19328K, reserved 1048576K
}
Event: 1136.216 GC heap before
{Heap before GC invocations=82 (full 0):
 garbage-first heap   total 365568K, used 291784K [0x0000000080000000, 0x0000000100000000)
  region size 1024K, 78 young (79872K), 11 survivors (11264K)
 Metaspace       used 132451K, capacity 136749K, committed 138540K, reserved 1169408K
  class space    used 16496K, capacity 18153K, committed 19328K, reserved 1048576K
}

